This is pdfTeX, Version 3.141592653-2.6-1.40.26 (TeX Live 2024/nixos.org) (preloaded format=pdflatex 1980.1.1)  18 DEC 2025 13:48
entering extended mode
 restricted \write18 enabled.
 %&-line parsing enabled.
**render.tex
(./render.tex
LaTeX2e <2024-11-01> patch level 2
L3 programming layer <2025-01-18>

(/nix/store/p1yahfldxg4ayc58dflvrrssbmpikhg0-texlive-combined-full-2024-final-t
exmfdist/tex/latex/standalone/standalone.cls
Document Class: standalone 2025/02/22 v1.5a Class to compile TeX sub-files stan
dalone

(/nix/store/p1yahfldxg4ayc58dflvrrssbmpikhg0-texlive-combined-full-2024-final-t
exmfdist/tex/latex/tools/shellesc.sty
Package: shellesc 2023/07/08 v1.0d unified shell escape interface for LaTeX
Package shellesc Info: Restricted shell escape enabled on input line 77.
)
(/nix/store/p1yahfldxg4ayc58dflvrrssbmpikhg0-texlive-combined-full-2024-final-t
exmfdist/tex/generic/iftex/ifluatex.sty
Package: ifluatex 2019/10/25 v1.5 ifluatex legacy package. Use iftex instead.

(/nix/store/p1yahfldxg4ayc58dflvrrssbmpikhg0-texlive-combined-full-2024-final-t
exmfdist/tex/generic/iftex/iftex.sty
Package: iftex 2024/12/12 v1.0g TeX engine tests
))
(/nix/store/p1yahfldxg4ayc58dflvrrssbmpikhg0-texlive-combined-full-2024-final-t
exmfdist/tex/latex/xkeyval/xkeyval.sty
Package: xkeyval 2022/06/16 v2.9 package option processing (HA)

(/nix/store/p1yahfldxg4ayc58dflvrrssbmpikhg0-texlive-combined-full-2024-final-t
exmfdist/tex/generic/xkeyval/xkeyval.tex
(/nix/store/p1yahfldxg4ayc58dflvrrssbmpikhg0-texlive-combined-full-2024-final-t
exmfdist/tex/generic/xkeyval/xkvutils.tex
\XKV@toks=\toks17
\XKV@tempa@toks=\toks18

(/nix/store/p1yahfldxg4ayc58dflvrrssbmpikhg0-texlive-combined-full-2024-final-t
exmfdist/tex/generic/xkeyval/keyval.tex))
\XKV@depth=\count196
File: xkeyval.tex 2014/12/03 v2.7a key=value parser (HA)
))
\sa@internal=\count197
\c@sapage=\count198

(/nix/store/p1yahfldxg4ayc58dflvrrssbmpikhg0-texlive-combined-full-2024-final-t
exmfdist/tex/latex/standalone/standalone.cfg
File: standalone.cfg 2025/02/22 v1.5a Default configuration file for 'standalon
e' class
)
(/nix/store/p1yahfldxg4ayc58dflvrrssbmpikhg0-texlive-combined-full-2024-final-t
exmfdist/tex/latex/base/article.cls
Document Class: article 2024/06/29 v1.4n Standard LaTeX document class

(/nix/store/p1yahfldxg4ayc58dflvrrssbmpikhg0-texlive-combined-full-2024-final-t
exmfdist/tex/latex/base/size10.clo
File: size10.clo 2024/06/29 v1.4n Standard LaTeX file (size option)
)
\c@part=\count199
\c@section=\count266
\c@subsection=\count267
\c@subsubsection=\count268
\c@paragraph=\count269
\c@subparagraph=\count270
\c@figure=\count271
\c@table=\count272
\abovecaptionskip=\skip49
\belowcaptionskip=\skip50
\bibindent=\dimen141
)
(/nix/store/p1yahfldxg4ayc58dflvrrssbmpikhg0-texlive-combined-full-2024-final-t
exmfdist/tex/latex/varwidth/varwidth.sty
Package: varwidth 2009/03/30 ver 0.92;  Variable-width minipages
\@vwid@box=\box52
\sift@deathcycles=\count273
\@vwid@loff=\dimen142
\@vwid@roff=\dimen143
)
\sa@box=\box53
)
(/nix/store/p1yahfldxg4ayc58dflvrrssbmpikhg0-texlive-combined-full-2024-final-t
exmfdist/tex/latex/graphics/graphicx.sty
Package: graphicx 2021/09/16 v1.2d Enhanced LaTeX Graphics (DPC,SPQR)

(/nix/store/p1yahfldxg4ayc58dflvrrssbmpikhg0-texlive-combined-full-2024-final-t
exmfdist/tex/latex/graphics/graphics.sty
Package: graphics 2024/08/06 v1.4g Standard LaTeX Graphics (DPC,SPQR)

(/nix/store/p1yahfldxg4ayc58dflvrrssbmpikhg0-texlive-combined-full-2024-final-t
exmfdist/tex/latex/graphics/trig.sty
Package: trig 2023/12/02 v1.11 sin cos tan (DPC)
)
(/nix/store/p1yahfldxg4ayc58dflvrrssbmpikhg0-texlive-combined-full-2024-final-t
exmfdist/tex/latex/graphics-cfg/graphics.cfg
File: graphics.cfg 2016/06/04 v1.11 sample graphics configuration
)
Package graphics Info: Driver file: pdftex.def on input line 106.

(/nix/store/p1yahfldxg4ayc58dflvrrssbmpikhg0-texlive-combined-full-2024-final-t
exmfdist/tex/latex/graphics-def/pdftex.def
File: pdftex.def 2024/04/13 v1.2c Graphics/color driver for pdftex
))
\Gin@req@height=\dimen144
\Gin@req@width=\dimen145
)
(/nix/store/p1yahfldxg4ayc58dflvrrssbmpikhg0-texlive-combined-full-2024-final-t
exmfdist/tex/latex/bbold/bbold.sty
Package: bbold 1994/04/06 Bbold symbol package
)
(/nix/store/p1yahfldxg4ayc58dflvrrssbmpikhg0-texlive-combined-full-2024-final-t
exmfdist/tex/latex/enumitem/enumitem.sty
Package: enumitem 2025/02/06 v3.11 Customized lists
\enitkv@toks@=\toks19
\labelindent=\skip51
\enit@outerparindent=\dimen146
\enit@toks=\toks20
\enit@inbox=\box54
\enit@count@id=\count274
\enitdp@description=\count275
)
(/nix/store/p1yahfldxg4ayc58dflvrrssbmpikhg0-texlive-combined-full-2024-final-t
exmfdist/tex/latex/jknapltx/mathrsfs.sty
Package: mathrsfs 1996/01/01 Math RSFS package v1.0 (jk)
\symrsfs=\mathgroup4
)
(/nix/store/p1yahfldxg4ayc58dflvrrssbmpikhg0-texlive-combined-full-2024-final-t
exmfdist/tex/latex/xcolor/xcolor.sty
Package: xcolor 2024/09/29 v3.02 LaTeX color extensions (UK)

(/nix/store/p1yahfldxg4ayc58dflvrrssbmpikhg0-texlive-combined-full-2024-final-t
exmfdist/tex/latex/graphics-cfg/color.cfg
File: color.cfg 2016/01/02 v1.6 sample color configuration
)
Package xcolor Info: Driver file: pdftex.def on input line 274.

(/nix/store/p1yahfldxg4ayc58dflvrrssbmpikhg0-texlive-combined-full-2024-final-t
exmfdist/tex/latex/graphics/mathcolor.ltx)
Package xcolor Info: Model `cmy' substituted by `cmy0' on input line 1349.
Package xcolor Info: Model `hsb' substituted by `rgb' on input line 1353.
Package xcolor Info: Model `RGB' extended on input line 1365.
Package xcolor Info: Model `HTML' substituted by `rgb' on input line 1367.
Package xcolor Info: Model `Hsb' substituted by `hsb' on input line 1368.
Package xcolor Info: Model `tHsb' substituted by `hsb' on input line 1369.
Package xcolor Info: Model `HSB' substituted by `hsb' on input line 1370.
Package xcolor Info: Model `Gray' substituted by `gray' on input line 1371.
Package xcolor Info: Model `wave' substituted by `hsb' on input line 1372.
)
(/nix/store/p1yahfldxg4ayc58dflvrrssbmpikhg0-texlive-combined-full-2024-final-t
exmfdist/tex/latex/l3backend/l3backend-pdftex.def
File: l3backend-pdftex.def 2024-05-08 L3 backend support: PDF output (pdfTeX)
\l__color_backend_stack_int=\count276
\l__pdf_internal_box=\box55
)

LaTeX Warning: Unused global option(s):
    [20pt].

(./render.aux)
\openout1 = `render.aux'.

LaTeX Font Info:    Checking defaults for OML/cmm/m/it on input line 11.
LaTeX Font Info:    ... okay on input line 11.
LaTeX Font Info:    Checking defaults for OMS/cmsy/m/n on input line 11.
LaTeX Font Info:    ... okay on input line 11.
LaTeX Font Info:    Checking defaults for OT1/cmr/m/n on input line 11.
LaTeX Font Info:    ... okay on input line 11.
LaTeX Font Info:    Checking defaults for T1/cmr/m/n on input line 11.
LaTeX Font Info:    ... okay on input line 11.
LaTeX Font Info:    Checking defaults for TS1/cmr/m/n on input line 11.
LaTeX Font Info:    ... okay on input line 11.
LaTeX Font Info:    Checking defaults for OMX/cmex/m/n on input line 11.
LaTeX Font Info:    ... okay on input line 11.
LaTeX Font Info:    Checking defaults for U/cmr/m/n on input line 11.
LaTeX Font Info:    ... okay on input line 11.

(/nix/store/p1yahfldxg4ayc58dflvrrssbmpikhg0-texlive-combined-full-2024-final-t
exmfdist/tex/context/base/mkii/supp-pdf.mkii
[Loading MPS to PDF converter (version 2006.09.02).]
\scratchcounter=\count277
\scratchdimen=\dimen147
\scratchbox=\box56
\nofMPsegments=\count278
\nofMParguments=\count279
\everyMPshowfont=\toks21
\MPscratchCnt=\count280
\MPscratchDim=\dimen148
\MPnumerator=\count281
\makeMPintoPDFobject=\count282
\everyMPtoPDFconversion=\toks22
)
(/nix/store/p1yahfldxg4ayc58dflvrrssbmpikhg0-texlive-combined-full-2024-final-t
exmfdist/tex/latex/epstopdf-pkg/epstopdf-base.sty
Package: epstopdf-base 2020-01-24 v2.11 Base part for package epstopdf
Package epstopdf-base Info: Redefining graphics rule for `.eps' on input line 4
85.

(/nix/store/p1yahfldxg4ayc58dflvrrssbmpikhg0-texlive-combined-full-2024-final-t
exmfdist/tex/latex/latexconfig/epstopdf-sys.cfg
File: epstopdf-sys.cfg 2010/07/13 v1.3 Configuration of (r)epstopdf for TeX Liv
e
))
LaTeX Font Info:    External font `cmex10' loaded for size
(Font)              <7> on input line 23.
LaTeX Font Info:    External font `cmex10' loaded for size
(Font)              <5> on input line 23.
LaTeX Font Info:    Trying to load font information for U+rsfs on input line 23
.

(/nix/store/p1yahfldxg4ayc58dflvrrssbmpikhg0-texlive-combined-full-2024-final-t
exmfdist/tex/latex/jknapltx/ursfs.fd
File: ursfs.fd 1998/03/24 rsfs font definition file (jk)
)
LaTeX Font Info:    Trying to load font information for U+bbold on input line 2
3.

(/nix/store/p1yahfldxg4ayc58dflvrrssbmpikhg0-texlive-combined-full-2024-final-t
exmfdist/tex/latex/bbold/Ubbold.fd)
Overfull \hbox (418.13614pt too wide) in paragraph at lines 23--24
[][] 
 []


Overfull \hbox (418.13614pt too wide) detected at line 24
[][] 
 []



[1


Non-PDF special ignored!
<special> papersize=385.0pt,175.72221pt
{/nix/store/lga54lc1c2yx98c3vmxf2k64hv0vif7a-texlive-combined-full-2024-final/s
hare/texmf-var/fonts/map/pdftex/updmap/pdftex.map}] (./render.aux)
 ***********
LaTeX2e <2024-11-01> patch level 2
L3 programming layer <2025-01-18>
 ***********
 ) 
Here is how much of TeX's memory you used:
 2823 strings out of 473201
 51534 string characters out of 5689025
 442260 words of memory out of 5000000
 26059 multiletter control sequences out of 15000+600000
 559893 words of font info for 42 fonts, out of 8000000 for 9000
 1141 hyphenation exceptions out of 8191
 57i,7n,71p,215b,194s stack positions out of 10000i,1000n,20000p,200000b,200000s
</nix/store/p1yahfldxg4ayc58dflvrrssbmpikhg0-texlive-combined-full-2024-final
-texmfdist/fonts/type1/public/bbold-type1/bbold10.pfb></nix/store/p1yahfldxg4ay
c58dflvrrssbmpikhg0-texlive-combined-full-2024-final-texmfdist/fonts/type1/publ
ic/amsfonts/cm/cmmi10.pfb></nix/store/p1yahfldxg4ayc58dflvrrssbmpikhg0-texlive-
combined-full-2024-final-texmfdist/fonts/type1/public/amsfonts/cm/cmmi7.pfb></n
ix/store/p1yahfldxg4ayc58dflvrrssbmpikhg0-texlive-combined-full-2024-final-texm
fdist/fonts/type1/public/amsfonts/cm/cmr10.pfb></nix/store/p1yahfldxg4ayc58dflv
rrssbmpikhg0-texlive-combined-full-2024-final-texmfdist/fonts/type1/public/amsf
onts/cm/cmsy10.pfb>
Output written on render.pdf (1 page, 41889 bytes).
PDF statistics:
 33 PDF objects out of 1000 (max. 8388607)
 19 compressed objects within 1 object stream
 0 named destinations out of 1000 (max. 500000)
 1 words of extra memory for PDF output out of 10000 (max. 10000000)

